2025-03-04 21:07:23 [INFO]: Database connection successful
2025-03-04 21:08:10 [INFO]: Database connection successful
2025-03-04 21:08:29 [INFO]: Database connection successful
2025-03-04 21:10:17 [INFO]: Database connection successful
2025-03-04 21:10:22 [INFO]: Database connection successful
2025-03-04 21:11:06 [INFO]: Database connection successful
2025-03-04 21:12:03 [INFO]: Database connection successful
2025-03-04 21:12:38 [INFO]: Database connection successful
2025-03-04 21:12:51 [INFO]: Database connection successful
2025-03-04 21:13:03 [INFO]: Database connection successful
2025-03-04 21:13:10 [INFO]: Database connection successful
2025-03-04 21:13:17 [INFO]: Database connection successful
2025-03-04 21:13:35 [INFO]: Database connection successful
2025-03-04 21:13:43 [INFO]: Database connection successful
2025-03-04 21:14:01 [INFO]: Database connection successful
2025-03-04 21:14:06 [INFO]: Database connection successful
2025-03-04 21:14:11 [INFO]: Database connection successful
2025-03-04 21:14:17 [INFO]: Database connection successful
2025-03-04 21:14:37 [INFO]: Database connection successful
2025-03-04 21:14:50 [INFO]: Database connection successful
2025-03-04 21:14:57 [INFO]: Database connection successful
2025-03-04 21:15:18 [INFO]: creating a new user
2025-03-04 21:15:18 [ERROR]: error
2025-03-04 21:15:36 [INFO]: creating a new user
2025-03-04 21:15:36 [ERROR]: error
2025-03-04 21:15:36 [INFO]: user created successfully
2025-03-05 05:31:03 [INFO]: Database connection successful
2025-03-05 05:31:14 [INFO]: creating a new user
2025-03-05 05:31:14 [ERROR]: error
2025-03-05 05:32:39 [INFO]: Database connection successful
2025-03-05 05:32:39 [INFO]: creating a new user
2025-03-05 05:32:39 [ERROR]: error
2025-03-05 05:33:00 [INFO]: creating a new user
2025-03-05 05:33:23 [INFO]: creating a new user
2025-03-05 05:33:23 [INFO]: user created successfully
2025-03-05 05:38:18 [INFO]: Database connection successful
2025-03-05 05:38:42 [INFO]: Database connection successful
2025-03-05 05:38:49 [INFO]: Database connection successful
2025-03-05 05:39:02 [INFO]: creating a new user
2025-03-05 05:39:02 [INFO]: user created successfully: [object SequelizeInstance:User]
2025-03-05 05:42:34 [INFO]: Database connection successful
2025-03-05 05:42:53 [INFO]: Database connection successful
2025-03-05 05:43:35 [INFO]: Database connection successful
2025-03-05 05:43:48 [INFO]: creating a new user
2025-03-05 05:43:48 [INFO]: user created successfully: {"id":7,"name":"jjjjk","email":"johnxjkjh.doe@example.com","createdAt":"2025-03-05T04:43:48.386Z"}
2025-03-05 05:46:49 [INFO]: Database connection successful
2025-03-05 05:46:57 [INFO]: Database connection successful
2025-03-05 05:47:31 [INFO]: Database connection successful
2025-03-05 05:47:48 [INFO]: Database connection successful
2025-03-05 05:47:57 [INFO]: Database connection successful
2025-03-05 05:48:47 [INFO]: Database connection successful
2025-03-05 05:48:56 [INFO]: Database connection successful
2025-03-05 05:49:14 [INFO]: Database connection successful
2025-03-05 05:49:24 [INFO]: Database connection successful
2025-03-05 05:49:29 [INFO]: Database connection successful
2025-03-05 05:49:41 [INFO]: Database connection successful
2025-03-05 05:49:57 [ERROR]: Error getting user: Error: User not found
2025-03-05 05:50:35 [INFO]: Database connection successful
2025-03-05 05:50:43 [ERROR]: Error getting user: Error: User not found
2025-03-05 05:50:45 [ERROR]: Error getting user: Error: User not found
2025-03-05 05:51:58 [INFO]: Database connection successful
2025-03-05 05:52:26 [INFO]: Database connection successful
2025-03-05 05:52:40 [INFO]: Database connection successful
2025-03-05 05:52:49 [ERROR]: Error getting user: Error: User not found
2025-03-05 05:53:14 [INFO]: Database connection successful
2025-03-05 05:53:34 [INFO]: Database connection successful
2025-03-05 05:53:45 [ERROR]: Error getting user: SequelizeDatabaseError: SQLITE_ERROR: no such column: NaN
2025-03-05 05:54:01 [INFO]: Database connection successful
2025-03-05 05:54:46 [INFO]: Database connection successful
2025-03-05 06:37:37 [INFO]: Database connection successful
2025-03-05 06:38:09 [INFO]: Database connection successful
2025-03-05 06:38:35 [INFO]: Database connection successful
2025-03-05 06:39:54 [INFO]: Database connection successful
2025-03-05 06:40:20 [INFO]: Database connection successful
2025-03-05 06:42:18 [INFO]: Database connection successful
2025-03-05 06:44:49 [INFO]: Database connection successful
2025-03-05 09:19:54 [INFO]: Database connection successful
2025-03-05 09:20:02 [INFO]: Database connection successful
2025-03-05 09:20:24 [INFO]: Database connection successful
2025-03-05 09:20:40 [INFO]: Database connection successful
2025-03-05 09:21:04 [INFO]: Database connection successful
2025-03-05 09:21:15 [INFO]: Database connection successful
2025-03-05 09:21:26 [INFO]: Database connection successful
2025-03-05 09:21:33 [INFO]: Database connection successful
2025-03-05 09:21:40 [INFO]: Database connection successful
2025-03-05 09:22:02 [INFO]: Database connection successful
2025-03-05 09:24:36 [INFO]: Database connection successful
2025-03-05 09:26:19 [INFO]: Database connection successful
2025-03-05 09:27:08 [INFO]: Database connection successful
2025-03-05 09:27:35 [INFO]: Database connection successful
2025-03-05 09:28:28 [INFO]: Database connection successful
2025-03-05 09:28:34 [INFO]: Database connection successful
2025-03-05 09:29:00 [INFO]: Database connection successful
2025-03-05 09:29:09 [INFO]: Database connection successful
2025-03-05 09:32:38 [INFO]: Database connection successful
2025-03-05 09:32:57 [INFO]: Database connection successful
2025-03-05 09:33:14 [INFO]: Database connection successful
2025-03-05 09:33:27 [INFO]: Database connection successful
2025-03-05 09:34:40 [INFO]: Database connection successful
2025-03-05 09:34:58 [INFO]: Database connection successful
2025-03-05 09:35:04 [INFO]: Database connection successful
2025-03-05 09:35:14 [INFO]: Database connection successful
2025-03-05 09:36:05 [INFO]: Database connection successful
2025-03-05 09:36:44 [INFO]: Database connection successful
2025-03-05 09:36:53 [INFO]: Database connection successful
2025-03-05 09:37:10 [INFO]: Database connection successful
2025-03-05 09:37:24 [INFO]: Database connection successful
2025-03-05 09:37:32 [INFO]: Database connection successful
2025-03-05 09:38:27 [INFO]: Database connection successful
2025-03-05 09:47:55 [INFO]: Database connection successful
2025-03-05 09:48:00 [INFO]: Database connection successful
2025-03-05 09:50:16 [INFO]: Database connection successful
2025-03-05 10:21:28 [INFO]: Database connection successful
2025-03-05 10:21:40 [ERROR]: Error getting address: Error: Address not found
2025-03-05 10:24:25 [INFO]: Creating a new address
2025-03-05 10:24:25 [ERROR]: Error: "street" is not allowed to be empty
2025-03-05 10:24:31 [INFO]: Creating a new address
2025-03-05 10:24:31 [INFO]: Address created successfully: {"userId":1,"street":"123 Main Street","city":"Springfield","country":"USA","postalCode":"62701"}
2025-03-05 10:25:47 [ERROR]: Error: "userId" is not allowed
2025-03-05 11:00:26 [INFO]: Database connection successful
2025-03-05 11:02:35 [INFO]: Database connection successful
2025-03-05 11:03:15 [INFO]: Database connection successful
2025-03-05 11:05:27 [INFO]: Database connection successful
2025-03-05 11:05:44 [INFO]: Database connection successful
2025-03-05 11:06:12 [INFO]: Database connection successful
2025-03-05 11:06:36 [INFO]: Database connection successful
2025-03-05 11:06:53 [INFO]: Database connection successful
2025-03-05 11:07:08 [INFO]: Database connection successful
2025-03-05 11:07:17 [INFO]: Database connection successful
2025-03-05 11:07:35 [INFO]: Database connection successful
2025-03-05 11:07:49 [INFO]: Database connection successful
2025-03-05 11:08:41 [INFO]: Database connection successful
2025-03-05 11:09:40 [INFO]: Database connection successful
2025-03-05 11:09:58 [INFO]: Database connection successful
2025-03-05 11:10:09 [INFO]: Database connection successful
2025-03-05 11:10:20 [INFO]: Database connection successful
2025-03-05 11:10:46 [INFO]: Database connection successful
2025-03-05 11:11:12 [INFO]: Database connection successful
2025-03-05 11:13:01 [INFO]: Database connection successful
2025-03-05 11:13:53 [INFO]: Database connection successful
2025-03-05 11:14:00 [INFO]: Database connection successful
2025-03-05 11:14:27 [INFO]: Database connection successful
2025-03-05 11:20:47 [INFO]: Database connection successful
2025-03-05 11:21:57 [ERROR]: Error: "userId" is required
2025-03-05 11:24:03 [ERROR]: Error: "userId" is required
2025-03-05 11:28:02 [INFO]: Creating a new post
2025-03-05 11:28:03 [ERROR]: Error: "userId" is required
2025-03-05 11:28:11 [INFO]: Creating a new post
2025-03-05 11:28:12 [INFO]: Post created successfully: {"createdAt":"2025-03-05T10:28:11.952Z","id":1,"userId":1,"title":"My First Post","body":"This is the content of my first post. I’m excited to share my thoughts!"}
2025-03-05 11:28:26 [INFO]: Creating a new post
2025-03-05 11:28:26 [INFO]: Post created successfully: {"createdAt":"2025-03-05T10:28:26.169Z","id":2,"userId":1,"title":"My First Post2","body":"This is the content of my first post. I’m excited to share my thoughts2!"}
2025-03-05 11:28:42 [ERROR]: Error deleting post: Error: Post not found
2025-03-05 11:30:24 [INFO]: Database connection successful
2025-03-05 11:30:38 [INFO]: Database connection successful
2025-03-05 11:31:31 [INFO]: Database connection successful
2025-03-05 11:31:45 [INFO]: Database connection successful
2025-03-05 11:32:03 [INFO]: Database connection successful
2025-03-05 11:33:25 [INFO]: Database connection successful
2025-03-05 11:33:49 [INFO]: Database connection successful
2025-03-05 11:34:00 [INFO]: Database connection successful
2025-03-05 11:34:13 [INFO]: Database connection successful
2025-03-05 11:34:29 [INFO]: Database connection successful
2025-03-05 11:36:39 [INFO]: Database connection successful
2025-03-05 11:36:39 [INFO]: Server running on port 3000
2025-03-05 11:37:01 [INFO]: Database connection successful
2025-03-05 11:37:01 [INFO]: Server running on port 3000
2025-03-05 11:37:32 [INFO]: Database connection successful
2025-03-05 11:37:32 [INFO]: Server running on port 3000
2025-03-05 11:37:44 [INFO]: Database connection successful
2025-03-05 11:37:44 [INFO]: Server running on port 3000
2025-03-05 11:37:52 [INFO]: Database connection successful
2025-03-05 11:37:52 [INFO]: Server running on port 3000
2025-03-05 11:37:59 [INFO]: Database connection successful
2025-03-05 11:37:59 [INFO]: Server running on port 3000
2025-03-05 11:38:09 [INFO]: Database connection successful
2025-03-05 11:38:09 [INFO]: Server running on port 3000
2025-03-05 11:38:14 [INFO]: Database connection successful
2025-03-05 11:38:14 [INFO]: Server running on port 3000
2025-03-05 11:42:27 [INFO]: Database connection successful
2025-03-05 11:42:27 [INFO]: Server running on port 3000
2025-03-05 11:42:40 [INFO]: Database connection successful
2025-03-05 11:42:40 [INFO]: Server running on port 3000
2025-03-05 11:42:57 [INFO]: Database connection successful
2025-03-05 11:42:57 [INFO]: Server running on port 3000
2025-03-05 11:43:07 [INFO]: Database connection successful
2025-03-05 11:43:07 [INFO]: Server running on port 3000
2025-03-05 11:43:16 [ERROR]: Error getting posts: SequelizeEagerLoadingError: User is associated to Post using an alias. You've included an alias (user), but it does not match the alias(es) defined in your association (User).
2025-03-05 11:46:55 [INFO]: Database connection successful
2025-03-05 11:46:55 [INFO]: Server running on port 3000
2025-03-05 11:47:03 [ERROR]: Error getting posts: SequelizeEagerLoadingError: User is associated to Post using an alias. You've included an alias (user), but it does not match the alias(es) defined in your association (User).
2025-03-05 11:47:08 [ERROR]: Error getting posts: SequelizeEagerLoadingError: User is associated to Post using an alias. You've included an alias (user), but it does not match the alias(es) defined in your association (User).
2025-03-05 11:47:26 [INFO]: Creating a new post
2025-03-05 11:47:26 [INFO]: Post created successfully: {"createdAt":"2025-03-05T10:47:26.021Z","id":3,"userId":1,"title":"My First Post1","body":"This is the content of my first post. I’m excited to share my thoughts1!"}
2025-03-05 11:47:35 [ERROR]: Error getting posts: SequelizeEagerLoadingError: User is associated to Post using an alias. You've included an alias (user), but it does not match the alias(es) defined in your association (User).
2025-03-05 11:47:37 [ERROR]: Error getting posts: SequelizeEagerLoadingError: User is associated to Post using an alias. You've included an alias (user), but it does not match the alias(es) defined in your association (User).
2025-03-05 11:48:16 [ERROR]: Error getting posts: SequelizeEagerLoadingError: User is associated to Post using an alias. You've included an alias (user), but it does not match the alias(es) defined in your association (User).
2025-03-05 11:48:31 [ERROR]: Error getting posts: SequelizeEagerLoadingError: User is associated to Post using an alias. You've included an alias (user), but it does not match the alias(es) defined in your association (User).
2025-03-05 11:48:52 [ERROR]: Error getting posts: SequelizeEagerLoadingError: User is associated to Post using an alias. You've included an alias (user), but it does not match the alias(es) defined in your association (User).
2025-03-05 11:48:54 [ERROR]: Error getting posts: SequelizeEagerLoadingError: User is associated to Post using an alias. You've included an alias (user), but it does not match the alias(es) defined in your association (User).
2025-03-05 11:51:35 [INFO]: Database connection successful
2025-03-05 11:51:35 [INFO]: Server running on port 3000
2025-03-05 11:52:01 [INFO]: Database connection successful
2025-03-05 11:52:01 [INFO]: Server running on port 3000
2025-03-05 11:52:38 [INFO]: Database connection successful
2025-03-05 11:52:38 [INFO]: Server running on port 3000
2025-03-05 11:52:51 [INFO]: Database connection successful
2025-03-05 11:52:51 [INFO]: Server running on port 3000
2025-03-05 11:53:02 [INFO]: Database connection successful
2025-03-05 11:53:02 [INFO]: Server running on port 3000
2025-03-05 11:53:19 [INFO]: Database connection successful
2025-03-05 11:53:19 [INFO]: Server running on port 3000
2025-03-05 11:53:56 [INFO]: Database connection successful
2025-03-05 11:53:56 [INFO]: Server running on port 3000
2025-03-05 11:55:15 [INFO]: Database connection successful
2025-03-05 11:55:15 [INFO]: Server running on port 3000
2025-03-05 11:55:28 [INFO]: Database connection successful
2025-03-05 11:55:28 [INFO]: Server running on port 3000
2025-03-05 11:55:46 [INFO]: Database connection successful
2025-03-05 11:55:46 [INFO]: Server running on port 3000
2025-03-05 11:56:16 [INFO]: Database connection successful
2025-03-05 11:56:16 [INFO]: Server running on port 3000
2025-03-05 11:56:20 [INFO]: Database connection successful
2025-03-05 11:56:20 [INFO]: Server running on port 3000
2025-03-05 11:57:00 [INFO]: Database connection successful
2025-03-05 11:57:00 [INFO]: Server running on port 3000
2025-03-05 11:57:22 [INFO]: Database connection successful
2025-03-05 11:57:22 [INFO]: Server running on port 3000
2025-03-05 11:58:05 [INFO]: Database connection successful
2025-03-05 11:58:05 [INFO]: Server running on port 3000
2025-03-05 11:58:21 [INFO]: Database connection successful
2025-03-05 11:58:21 [INFO]: Server running on port 3000
2025-03-05 11:58:30 [INFO]: Database connection successful
2025-03-05 11:58:30 [INFO]: Server running on port 3000
2025-03-05 11:58:48 [INFO]: Database connection successful
2025-03-05 11:58:48 [INFO]: Server running on port 3000
2025-03-05 11:59:05 [INFO]: Database connection successful
2025-03-05 11:59:05 [INFO]: Server running on port 3000
2025-03-05 11:59:26 [INFO]: Database connection successful
2025-03-05 11:59:26 [INFO]: Server running on port 3000
2025-03-05 11:59:56 [INFO]: Database connection successful
2025-03-05 11:59:56 [INFO]: Server running on port 3000
2025-03-05 12:00:14 [INFO]: Database connection successful
2025-03-05 12:00:14 [INFO]: Server running on port 3000
2025-03-05 12:00:28 [INFO]: Database connection successful
2025-03-05 12:00:28 [INFO]: Server running on port 3000
2025-03-05 12:00:57 [INFO]: Database connection successful
2025-03-05 12:00:57 [INFO]: Server running on port 3000
2025-03-05 12:01:21 [INFO]: Database connection successful
2025-03-05 12:01:21 [INFO]: Server running on port 3000
2025-03-05 12:01:30 [INFO]: Database connection successful
2025-03-05 12:01:30 [INFO]: Server running on port 3000
2025-03-05 12:02:10 [INFO]: Database connection successful
2025-03-05 12:02:10 [INFO]: Server running on port 3000
2025-03-05 12:02:28 [INFO]: Database connection successful
2025-03-05 12:02:28 [INFO]: Server running on port 3000
2025-03-05 12:02:56 [INFO]: Database connection successful
2025-03-05 12:02:56 [INFO]: Server running on port 3000
2025-03-05 12:03:12 [INFO]: Database connection successful
2025-03-05 12:03:12 [INFO]: Server running on port 3000
2025-03-05 12:04:06 [INFO]: Database connection successful
2025-03-05 12:04:06 [INFO]: Server running on port 3000
2025-03-05 12:04:46 [INFO]: Database connection successful
2025-03-05 12:04:46 [INFO]: Server running on port 3000
2025-03-05 12:04:59 [INFO]: Database connection successful
2025-03-05 12:04:59 [INFO]: Server running on port 3000
2025-03-05 12:05:24 [INFO]: Database connection successful
2025-03-05 12:05:24 [INFO]: Server running on port 3000
2025-03-05 12:05:41 [INFO]: Database connection successful
2025-03-05 12:05:41 [INFO]: Server running on port 3000
2025-03-05 12:05:50 [INFO]: Database connection successful
2025-03-05 12:05:50 [INFO]: Server running on port 3000
2025-03-05 12:06:11 [INFO]: Database connection successful
2025-03-05 12:06:11 [INFO]: Server running on port 3000
2025-03-05 12:06:17 [INFO]: Database connection successful
2025-03-05 12:06:17 [INFO]: Server running on port 3000
2025-03-05 12:06:20 [INFO]: Database connection successful
2025-03-05 12:06:20 [INFO]: Server running on port 3000
2025-03-05 12:06:45 [INFO]: Database connection successful
2025-03-05 12:06:45 [INFO]: Server running on port 3000
2025-03-05 12:07:00 [INFO]: Database connection successful
2025-03-05 12:07:00 [INFO]: Server running on port 3000
2025-03-05 12:08:10 [INFO]: Database connection successful
2025-03-05 12:08:10 [INFO]: Server running on port 3000
2025-03-05 12:08:20 [INFO]: Database connection successful
2025-03-05 12:08:20 [INFO]: Server running on port 3000
2025-03-05 12:08:40 [INFO]: Database connection successful
2025-03-05 12:08:40 [INFO]: Server running on port 3000
2025-03-05 12:08:54 [INFO]: Database connection successful
2025-03-05 12:08:54 [INFO]: Server running on port 3000
2025-03-05 12:08:59 [INFO]: Database connection successful
2025-03-05 12:08:59 [INFO]: Server running on port 3000
2025-03-05 12:09:08 [INFO]: Database connection successful
2025-03-05 12:09:08 [INFO]: Server running on port 3000
2025-03-05 12:09:25 [INFO]: Database connection successful
2025-03-05 12:09:25 [INFO]: Server running on port 3000
2025-03-05 12:09:48 [INFO]: Database connection successful
2025-03-05 12:09:48 [INFO]: Server running on port 3000
2025-03-05 12:09:53 [INFO]: Database connection successful
2025-03-05 12:09:53 [INFO]: Server running on port 3000
2025-03-05 12:10:07 [INFO]: Database connection successful
2025-03-05 12:10:07 [INFO]: Server running on port 3000
2025-03-05 12:10:35 [INFO]: Database connection successful
2025-03-05 12:10:35 [INFO]: Server running on port 3000
2025-03-05 12:11:06 [INFO]: Database connection successful
2025-03-05 12:11:06 [INFO]: Server running on port 3000
2025-03-05 12:11:19 [INFO]: Database connection successful
2025-03-05 12:11:19 [INFO]: Server running on port 3000
2025-03-05 12:11:31 [INFO]: Database connection successful
2025-03-05 12:11:31 [INFO]: Server running on port 3000
2025-03-05 12:11:40 [INFO]: Database connection successful
2025-03-05 12:11:40 [INFO]: Server running on port 3000
2025-03-05 12:11:46 [INFO]: Database connection successful
2025-03-05 12:11:46 [INFO]: Server running on port 3000
2025-03-05 12:11:55 [INFO]: Database connection successful
2025-03-05 12:11:55 [INFO]: Server running on port 3000
2025-03-05 12:12:39 [INFO]: Database connection successful
2025-03-05 12:12:39 [INFO]: Server running on port 3000
2025-03-05 12:12:55 [INFO]: Database connection successful
2025-03-05 12:12:55 [INFO]: Server running on port 3000
2025-03-05 12:13:18 [INFO]: Database connection successful
2025-03-05 12:13:18 [INFO]: Server running on port 3000
2025-03-05 12:13:26 [INFO]: Database connection successful
2025-03-05 12:13:26 [INFO]: Server running on port 3000
2025-03-05 12:13:32 [INFO]: Database connection successful
2025-03-05 12:13:32 [INFO]: Server running on port 3000
2025-03-05 12:13:44 [INFO]: Database connection successful
2025-03-05 12:13:44 [INFO]: Server running on port 3000
2025-03-05 12:14:04 [INFO]: Database connection successful
2025-03-05 12:14:04 [INFO]: Server running on port 3000
2025-03-05 12:14:13 [INFO]: Database connection successful
2025-03-05 12:14:13 [INFO]: Server running on port 3000
2025-03-05 12:14:17 [INFO]: Database connection successful
2025-03-05 12:14:17 [INFO]: Server running on port 3000
2025-03-05 12:14:28 [INFO]: Database connection successful
2025-03-05 12:14:28 [INFO]: Server running on port 3000
2025-03-05 12:14:55 [INFO]: Database connection successful
2025-03-05 12:14:55 [INFO]: Server running on port 3000
2025-03-05 12:15:10 [INFO]: Database connection successful
2025-03-05 12:15:10 [INFO]: Server running on port 3000
2025-03-05 12:16:38 [INFO]: Database connection successful
2025-03-05 12:16:38 [INFO]: Server running on port 3000
2025-03-05 12:18:19 [INFO]: user found successfully: {"id":5,"name":"jjj","email":"johnxjh.doe@example.com","createdAt":"2025-03-05T04:33:23.908Z"}
2025-03-05 12:18:30 [INFO]: creating a new user
2025-03-05 12:18:30 [INFO]: user created successfully: {"id":8,"name":"jjjjik","email":"johnxjikjh.doe@example.com","createdAt":"2025-03-05T11:18:30.069Z"}
2025-03-05 12:18:49 [INFO]: About to get total number of user in the system
2025-03-05 12:18:49 [INFO]: user count found successfully: 8
2025-03-05 12:18:58 [INFO]: user found successfully: {"id":5,"name":"jjj","email":"johnxjh.doe@example.com","createdAt":"2025-03-05T04:33:23.908Z"}
2025-03-05 12:19:02 [INFO]: user found successfully: {"id":5,"name":"jjj","email":"johnxjh.doe@example.com","createdAt":"2025-03-05T04:33:23.908Z"}
2025-03-05 12:19:31 [INFO]: About to get address belonging to a user
2025-03-05 12:20:58 [INFO]: Database connection successful
2025-03-05 12:20:58 [INFO]: Server running on port 3000
2025-03-05 12:21:17 [INFO]: Database connection successful
2025-03-05 12:21:17 [INFO]: Server running on port 3000
2025-03-05 12:21:26 [INFO]: Database connection successful
2025-03-05 12:21:26 [INFO]: Server running on port 3000
2025-03-05 12:21:38 [INFO]: Database connection successful
2025-03-05 12:21:38 [INFO]: Server running on port 3000
2025-03-05 12:22:01 [INFO]: Database connection successful
2025-03-05 12:22:01 [INFO]: Server running on port 3000
2025-03-05 12:22:16 [INFO]: About to get address belonging to a user
2025-03-05 12:22:34 [INFO]: Creating a new address
2025-03-05 12:22:34 [INFO]: Address created successfully: {"userId":1,"street":"123 Main Street","city":"Springfield","country":"USA","postalCode":"62701"}
2025-03-05 12:22:42 [INFO]: About to update address belonging to a user
2025-03-05 12:23:06 [INFO]: Creating a new post
2025-03-05 12:23:06 [INFO]: Post created successfully: {"createdAt":"2025-03-05T11:23:06.333Z","id":4,"userId":1,"title":"My First Post1","body":"This is the content of my first post. I’m excited to share my thoughts1!"}
2025-03-05 12:23:25 [INFO]: About to delete post
2025-03-05 12:23:25 [INFO]: post deleted successfuly
2025-03-05 12:24:54 [INFO]: Creating a new post
2025-03-05 12:24:54 [INFO]: Post created successfully: {"createdAt":"2025-03-05T11:24:54.625Z","id":5,"userId":1,"title":"My First Post1","body":"This is the content of my first post. I’m excited to share my thoughts1!"}
2025-03-05 12:24:58 [INFO]: About to delete post
2025-03-05 12:24:58 [ERROR]: Error deleting post: Error: Post not found
2025-03-05 12:25:04 [INFO]: About to delete post
2025-03-05 12:25:04 [INFO]: post deleted successfuly
2025-03-05 12:25:29 [INFO]: Database connection successful
2025-03-05 12:25:29 [INFO]: Server running on port 3000
2025-03-05 12:25:34 [INFO]: About to delete post
2025-03-05 12:25:34 [INFO]: post deleted successfuly
2025-03-05 12:47:47 [INFO]: Database connection successful
2025-03-05 12:47:47 [INFO]: Server running on port 3000
2025-03-05 12:48:47 [INFO]: Database connection successful
2025-03-05 12:48:47 [INFO]: Server running on port 3000
